Build started 9/16/2015 6:45:44 PM.
     1>Project "C:\Users\madyan\Desktop\CIS4100 group project\ConsoleApplication7.vcxproj" on node 2 (Build target(s)).
     1>ClCompile:
         C:\Program Files (x86)\Microsoft Visual Studio 12.0\VC\bin\CL.exe /c /ZI /nologo /W3 /WX- /sdl /Od /Oy- /D WIN32 /D _DEBUG /D _CONSOLE /D _LIB /D _UNICODE /D UNICODE /Gm /EHsc /RTC1 /MDd /GS /fp:precise /Zc:wchar_t /Zc:forScope /Fo"Debug\\" /Fd"Debug\vc120.pdb" /Gd /TP /analyze- /errorReport:prompt function2.cpp function4.cpp function1.cpp function5.cpp main.cpp function3.cpp
         function3.cpp
         main.cpp
     1>c:\users\madyan\desktop\cis4100 group project\main.cpp(19): warning C4102: 'start_menu' : unreferenced label
         function5.cpp
     1>c:\users\madyan\desktop\cis4100 group project\function5.cpp(11): warning C4101: 'm' : unreferenced local variable
         function1.cpp
     1>c:\users\madyan\desktop\cis4100 group project\function1.cpp(11): warning C4101: 'm' : unreferenced local variable
         function4.cpp
         function2.cpp
         Generating Code...
       Link:
         C:\Program Files (x86)\Microsoft Visual Studio 12.0\VC\bin\link.exe /ERRORREPORT:PROMPT /OUT:"C:\Users\madyan\Desktop\CIS4100 group project\Debug\GroupProject.exe" /INCREMENTAL /NOLOGO kernel32.lib user32.lib gdi32.lib winspool.lib comdlg32.lib advapi32.lib shell32.lib ole32.lib oleaut32.lib uuid.lib odbc32.lib odbccp32.lib /MANIFEST /MANIFESTUAC:"level='asInvoker' uiAccess='false'" /manifest:embed /DEBUG /PDB:"C:\Users\madyan\Desktop\CIS4100 group project\Debug\GroupProject.pdb" /SUBSYSTEM:CONSOLE /TLBID:1 /DYNAMICBASE /NXCOMPAT /IMPLIB:"C:\Users\madyan\Desktop\CIS4100 group project\Debug\GroupProject.lib" /MACHINE:X86 Debug\function2.obj
         Debug\function4.obj
         Debug\function1.obj
         Debug\function5.obj
         Debug\main.obj
         Debug\function3.obj
         ConsoleApplication7.vcxproj -> C:\Users\madyan\Desktop\CIS4100 group project\Debug\GroupProject.exe
     1>Done Building Project "C:\Users\madyan\Desktop\CIS4100 group project\ConsoleApplication7.vcxproj" (Build target(s)).

Build succeeded.

Time Elapsed 00:00:10.15
